<?xml version="1.0" encoding="UTF-8"?>
<testng-results skipped="0" failed="0" total="1" passed="1">
  <reporter-output>
  </reporter-output>
  <suite name="Default suite" duration-ms="182376" started-at="2020-04-30T09:46:05Z" finished-at="2020-04-30T09:49:07Z">
    <groups>
      <group name="cucumber">
        <method signature="AbstractTestNGCucumberTests.feature(cucumber.api.testng.CucumberFeatureWrapper)[pri:0, instance:com.cucumber.testrunner.TestRunner@6737fd8f]" name="feature" class="cucumber.api.testng.AbstractTestNGCucumberTests"/>
      </group> <!-- cucumber -->
    </groups>
    <test name="Default test" duration-ms="182376" started-at="2020-04-30T09:46:05Z" finished-at="2020-04-30T09:49:07Z">
      <class name="com.cucumber.testrunner.TestRunner">
        <test-method status="PASS" signature="setUpClass()[pri:0, instance:com.cucumber.testrunner.TestRunner@6737fd8f]" name="setUpClass" is-config="true" duration-ms="327" started-at="2020-04-30T15:16:05Z" finished-at="2020-04-30T15:16:05Z">
          <reporter-output>
          </reporter-output>
        </test-method> <!-- setUpClass -->
        <test-method status="PASS" signature="setUp()[pri:0, instance:com.cucumber.testrunner.TestRunner@6737fd8f]" name="setUp" is-config="true" duration-ms="4343" started-at="2020-04-30T15:16:05Z" finished-at="2020-04-30T15:16:09Z">
          <reporter-output>
          </reporter-output>
        </test-method> <!-- setUp -->
        <test-method status="PASS" signature="feature(cucumber.api.testng.CucumberFeatureWrapper)[pri:0, instance:com.cucumber.testrunner.TestRunner@6737fd8f]" name="feature" duration-ms="177124" started-at="2020-04-30T15:16:10Z" description="Runs Cucumber Feature" data-provider="features" finished-at="2020-04-30T15:19:07Z">
          <params>
            <param index="0">
              <value>
                <![CDATA[AutomationPractice End to End Test Case]]>
              </value>
            </param>
          </params>
          <reporter-output>
          </reporter-output>
        </test-method> <!-- feature -->
        <test-method status="PASS" signature="driverQuit()[pri:0, instance:com.cucumber.testrunner.TestRunner@6737fd8f]" name="driverQuit" is-config="true" duration-ms="1" started-at="2020-04-30T15:19:07Z" finished-at="2020-04-30T15:19:07Z">
          <reporter-output>
          </reporter-output>
        </test-method> <!-- driverQuit -->
        <test-method status="PASS" signature="tearDownClass()[pri:0, instance:com.cucumber.testrunner.TestRunner@6737fd8f]" name="tearDownClass" is-config="true" duration-ms="459" started-at="2020-04-30T15:19:07Z" finished-at="2020-04-30T15:19:07Z">
          <reporter-output>
          </reporter-output>
        </test-method> <!-- tearDownClass -->
      </class> <!-- com.cucumber.testrunner.TestRunner -->
    </test> <!-- Default test -->
  </suite> <!-- Default suite -->
</testng-results>
